<?xml version="1.0" encoding="UTF-8"?>
<testng-results ignored="0" total="2" passed="2" failed="0" skipped="0">
  <reporter-output>
  </reporter-output>
  <suite started-at="2021-09-18T18:27:08 IST" name="Suite" finished-at="2021-09-18T18:29:47 IST" duration-ms="158694">
    <groups>
    </groups>
    <test started-at="2021-09-18T18:27:08 IST" name="Test" finished-at="2021-09-18T18:29:47 IST" duration-ms="158694">
      <class name="testCase.LoginTestLeaf">
        <test-method is-config="true" signature="preCondition()[pri:0, instance:testCase.LoginTestLeaf@6c1a5b54]" started-at="2021-09-18T18:27:08 IST" name="preCondition" finished-at="2021-09-18T18:28:52 IST" duration-ms="103297" status="PASS">
          <reporter-output>
          </reporter-output>
        </test-method> <!-- preCondition -->
        <test-method signature="loginTestLeaf()[pri:0, instance:testCase.LoginTestLeaf@6c1a5b54]" started-at="2021-09-18T18:28:52 IST" name="loginTestLeaf" finished-at="2021-09-18T18:29:26 IST" duration-ms="34668" status="PASS">
          <reporter-output>
          </reporter-output>
        </test-method> <!-- loginTestLeaf -->
        <test-method is-config="true" signature="postCondition()[pri:0, instance:testCase.LoginTestLeaf@6c1a5b54]" started-at="2021-09-18T18:29:27 IST" name="postCondition" finished-at="2021-09-18T18:29:42 IST" duration-ms="14920" status="PASS">
          <reporter-output>
          </reporter-output>
        </test-method> <!-- postCondition -->
      </class> <!-- testCase.LoginTestLeaf -->
      <class name="testCase.verifyCreateLead">
        <test-method is-config="true" signature="preCondition()[pri:0, instance:testCase.verifyCreateLead@74d1dc36]" started-at="2021-09-18T18:27:08 IST" name="preCondition" finished-at="2021-09-18T18:28:52 IST" duration-ms="103298" status="PASS">
          <reporter-output>
          </reporter-output>
        </test-method> <!-- preCondition -->
        <test-method signature="runCreateLead()[pri:0, instance:testCase.verifyCreateLead@74d1dc36]" started-at="2021-09-18T18:28:52 IST" name="runCreateLead" finished-at="2021-09-18T18:29:46 IST" duration-ms="54354" status="PASS">
          <reporter-output>
          </reporter-output>
        </test-method> <!-- runCreateLead -->
        <test-method is-config="true" signature="postCondition()[pri:0, instance:testCase.verifyCreateLead@74d1dc36]" started-at="2021-09-18T18:29:46 IST" name="postCondition" finished-at="2021-09-18T18:29:47 IST" duration-ms="841" status="PASS">
          <reporter-output>
          </reporter-output>
        </test-method> <!-- postCondition -->
      </class> <!-- testCase.verifyCreateLead -->
    </test> <!-- Test -->
  </suite> <!-- Suite -->
</testng-results>
